<?xml version="1.0" encoding="UTF-8"?>
<!-- Generated by org.testng.reporters.JUnitReportReporter -->
<testsuite hostname="Khaleds-MacBook-Pro.local" failures="1" tests="13" name="parallel.ParallelRun" time="125.807" errors="6" timestamp="30 Jan 2021 19:34:15 GMT" skipped="0">
  <testcase classname="parallel.ParallelRun" name="runScenario" time="6.648"/>
  <testcase classname="parallel.ParallelRun" name="runScenario" time="7.023"/>
  <testcase classname="parallel.ParallelRun" name="runScenario" time="10.689">
    <error message="/Users/naveenautomationlabs/Desktop/automation.xlsx" type="java.io.FileNotFoundException">
      <![CDATA[java.io.FileNotFoundException: /Users/naveenautomationlabs/Desktop/automation.xlsx
at org.apache.poi.ss.usermodel.WorkbookFactory.create(WorkbookFactory.java:317)
at org.apache.poi.ss.usermodel.WorkbookFactory.create(WorkbookFactory.java:295)
at org.apache.poi.ss.usermodel.WorkbookFactory.create(WorkbookFactory.java:276)
at com.qa.util.ExcelReader.getWorkBook(ExcelReader.java:44)
at com.qa.util.ExcelReader.getSheetByName(ExcelReader.java:34)
at com.qa.util.ExcelReader.getData(ExcelReader.java:23)
at parallel.ContactUsSteps.user_fills_the_form_from_given_sheetname_and_rownumber(ContactUsSteps.java:32)
at ✽.user fills the form from given sheetname "contactus" and rownumber 3(file:///Users/khaledhasan/Desktop/Java_Github/Frame_Work/CucumberPOMSeries/src/test/resources/parallel/ContactUs.feature:5)
]]>
    </error>
  </testcase> <!-- runScenario -->
  <testcase classname="parallel.ParallelRun" name="runScenario" time="8.895"/>
  <testcase classname="parallel.ParallelRun" name="runScenario" time="10.529">
    <error message="/Users/naveenautomationlabs/Desktop/automation.xlsx" type="java.io.FileNotFoundException">
      <![CDATA[java.io.FileNotFoundException: /Users/naveenautomationlabs/Desktop/automation.xlsx
at org.apache.poi.ss.usermodel.WorkbookFactory.create(WorkbookFactory.java:317)
at org.apache.poi.ss.usermodel.WorkbookFactory.create(WorkbookFactory.java:295)
at org.apache.poi.ss.usermodel.WorkbookFactory.create(WorkbookFactory.java:276)
at com.qa.util.ExcelReader.getWorkBook(ExcelReader.java:44)
at com.qa.util.ExcelReader.getSheetByName(ExcelReader.java:34)
at com.qa.util.ExcelReader.getData(ExcelReader.java:23)
at parallel.ContactUsSteps.user_fills_the_form_from_given_sheetname_and_rownumber(ContactUsSteps.java:32)
at ✽.user fills the form from given sheetname "contactus" and rownumber 2(file:///Users/khaledhasan/Desktop/Java_Github/Frame_Work/CucumberPOMSeries/src/test/resources/parallel/ContactUs.feature:5)
]]>
    </error>
  </testcase> <!-- runScenario -->
  <testcase classname="parallel.ParallelRun" name="runScenario" time="5.783"/>
  <testcase classname="parallel.ParallelRun" name="runScenario" time="11.951"/>
  <testcase classname="parallel.ParallelRun" name="runScenario" time="10.395">
    <error message="/Users/naveenautomationlabs/Desktop/automation.xlsx" type="java.io.FileNotFoundException">
      <![CDATA[java.io.FileNotFoundException: /Users/naveenautomationlabs/Desktop/automation.xlsx
at org.apache.poi.ss.usermodel.WorkbookFactory.create(WorkbookFactory.java:317)
at org.apache.poi.ss.usermodel.WorkbookFactory.create(WorkbookFactory.java:295)
at org.apache.poi.ss.usermodel.WorkbookFactory.create(WorkbookFactory.java:276)
at com.qa.util.ExcelReader.getWorkBook(ExcelReader.java:44)
at com.qa.util.ExcelReader.getSheetByName(ExcelReader.java:34)
at com.qa.util.ExcelReader.getData(ExcelReader.java:23)
at parallel.ContactUsSteps.user_fills_the_form_from_given_sheetname_and_rownumber(ContactUsSteps.java:32)
at ✽.user fills the form from given sheetname "contactus" and rownumber 4(file:///Users/khaledhasan/Desktop/Java_Github/Frame_Work/CucumberPOMSeries/src/test/resources/parallel/ContactUs.feature:5)
]]>
    </error>
  </testcase> <!-- runScenario -->
  <testcase classname="parallel.ParallelRun" name="runScenario" time="11.489">
    <error message="/Users/naveenautomationlabs/Desktop/automation.xlsx" type="java.io.FileNotFoundException">
      <![CDATA[java.io.FileNotFoundException: /Users/naveenautomationlabs/Desktop/automation.xlsx
at org.apache.poi.ss.usermodel.WorkbookFactory.create(WorkbookFactory.java:317)
at org.apache.poi.ss.usermodel.WorkbookFactory.create(WorkbookFactory.java:295)
at org.apache.poi.ss.usermodel.WorkbookFactory.create(WorkbookFactory.java:276)
at com.qa.util.ExcelReader.getWorkBook(ExcelReader.java:44)
at com.qa.util.ExcelReader.getSheetByName(ExcelReader.java:34)
at com.qa.util.ExcelReader.getData(ExcelReader.java:23)
at parallel.ContactUsSteps.user_fills_the_form_from_given_sheetname_and_rownumber(ContactUsSteps.java:32)
at ✽.user fills the form from given sheetname "contactus" and rownumber 1(file:///Users/khaledhasan/Desktop/Java_Github/Frame_Work/CucumberPOMSeries/src/test/resources/parallel/ContactUs.feature:5)
]]>
    </error>
  </testcase> <!-- runScenario -->
  <testcase classname="parallel.ParallelRun" name="runScenario" time="10.366">
    <error message="/Users/naveenautomationlabs/Desktop/automation.xlsx" type="java.io.FileNotFoundException">
      <![CDATA[java.io.FileNotFoundException: /Users/naveenautomationlabs/Desktop/automation.xlsx
at org.apache.poi.ss.usermodel.WorkbookFactory.create(WorkbookFactory.java:317)
at org.apache.poi.ss.usermodel.WorkbookFactory.create(WorkbookFactory.java:295)
at org.apache.poi.ss.usermodel.WorkbookFactory.create(WorkbookFactory.java:276)
at com.qa.util.ExcelReader.getWorkBook(ExcelReader.java:44)
at com.qa.util.ExcelReader.getSheetByName(ExcelReader.java:34)
at com.qa.util.ExcelReader.getData(ExcelReader.java:23)
at parallel.ContactUsSteps.user_fills_the_form_from_given_sheetname_and_rownumber(ContactUsSteps.java:32)
at ✽.user fills the form from given sheetname "contactus" and rownumber 0(file:///Users/khaledhasan/Desktop/Java_Github/Frame_Work/CucumberPOMSeries/src/test/resources/parallel/ContactUs.feature:5)
]]>
    </error>
  </testcase> <!-- runScenario -->
  <testcase classname="parallel.ParallelRun" name="runScenario" time="10.240">
    <error message="/Users/naveenautomationlabs/Desktop/automation.xlsx" type="java.io.FileNotFoundException">
      <![CDATA[java.io.FileNotFoundException: /Users/naveenautomationlabs/Desktop/automation.xlsx
at org.apache.poi.ss.usermodel.WorkbookFactory.create(WorkbookFactory.java:317)
at org.apache.poi.ss.usermodel.WorkbookFactory.create(WorkbookFactory.java:295)
at org.apache.poi.ss.usermodel.WorkbookFactory.create(WorkbookFactory.java:276)
at com.qa.util.ExcelReader.getWorkBook(ExcelReader.java:44)
at com.qa.util.ExcelReader.getSheetByName(ExcelReader.java:34)
at com.qa.util.ExcelReader.getData(ExcelReader.java:23)
at parallel.ContactUsSteps.user_fills_the_form_from_given_sheetname_and_rownumber(ContactUsSteps.java:32)
at ✽.user fills the form from given sheetname "contactus" and rownumber 5(file:///Users/khaledhasan/Desktop/Java_Github/Frame_Work/CucumberPOMSeries/src/test/resources/parallel/ContactUs.feature:5)
]]>
    </error>
  </testcase> <!-- runScenario -->
  <testcase classname="parallel.ParallelRun" name="runScenario" time="12.715">
    <failure type="java.lang.AssertionError">
      <![CDATA[java.lang.AssertionError
at org.junit.Assert.fail(Assert.java:87)
at org.junit.Assert.assertTrue(Assert.java:42)
at org.junit.Assert.assertTrue(Assert.java:53)
at parallel.AccountsPageSteps.accounts_section_count_should_be(AccountsPageSteps.java:55)
at ✽.accounts section count should be 6(file:///Users/khaledhasan/Desktop/Java_Github/Frame_Work/CucumberPOMSeries/src/test/resources/parallel/AccountsPage.feature:24)
]]>
    </failure>
  </testcase> <!-- runScenario -->
  <testcase classname="parallel.ParallelRun" name="runScenario" time="9.084"/>
</testsuite> <!-- parallel.ParallelRun -->
